--------------------------------------
Running PBS prologue script
--------------------------------------
User and Job Data:
--------------------------------------
Job ID:    704306.qb3
Username:  zr10031
Group:     latechusers
Date:      08-Oct-2019 16:34
Node:      qb030 (90432)
--------------------------------------
PBS has allocated the following nodes:

qb030

A total of 20 processors on 1 nodes allocated
---------------------------------------------
Check nodes and clean them of stray processes
---------------------------------------------
Checking node qb030 16:34:53 
Done clearing all the allocated nodes
------------------------------------------------------
Concluding PBS prologue script - 08-Oct-2019 16:34:53
------------------------------------------------------

-------------------------
MPI run with 4 processes:
-------------------------
Message at proc# 0: Hello world from #0!

Time elapsed is 0.000089 seconds.
Message at proc# 1: Hello world from #0!

Message at proc# 2: Hello world from #0!

Message at proc# 3: Hello world from #0!


-------------------------
MPI run with 8 processes:
-------------------------
Message at proc# 0: Hello world from #0!

Time elapsed is 0.000116 seconds.
Message at proc# 1: Hello world from #0!

Message at proc# 2: Hello world from #0!

Message at proc# 3: Hello world from #0!

Message at proc# 4: Hello world from #0!

Message at proc# 5: Hello world from #0!

Message at proc# 6: Hello world from #0!

Message at proc# 7: Hello world from #0!

------------------------------------------------------
Running PBS epilogue script    - 08-Oct-2019 16:34:57
------------------------------------------------------
Checking node qb030 (MS)
Checking node qb030 ok
------------------------------------------------------
Concluding PBS epilogue script - 08-Oct-2019 16:34:59
------------------------------------------------------
Exit Status:     0
Job ID:          704306.qb3
Username:        zr10031
Group:           latechusers
Job Name:        myjob0
Session Id:      90431
Resource Limits: ncpus=1,neednodes=1:ppn=20,nodes=1:ppn=20,walltime=00:30:00
Resources Used:  cput=00:00:03,mem=0kb,vmem=0kb,walltime=00:00:03
Queue Used:      workq
Account String:  loni_cyen405
Node:            qb030
Process id:      91066
------------------------------------------------------
