--------------------------------------
Running PBS prologue script
--------------------------------------
User and Job Data:
--------------------------------------
Job ID:    704307.qb3
Username:  zr10031
Group:     latechusers
Date:      08-Oct-2019 16:36
Node:      qb030 (91712)
--------------------------------------
PBS has allocated the following nodes:

qb030

A total of 20 processors on 1 nodes allocated
---------------------------------------------
Check nodes and clean them of stray processes
---------------------------------------------
Checking node qb030 16:36:41 
Done clearing all the allocated nodes
------------------------------------------------------
Concluding PBS prologue script - 08-Oct-2019 16:36:41
------------------------------------------------------

-------------------------
MPI run with 4 processes:
-------------------------
Message at proc # 1: Hello zr10031 from # 0
Message at proc # 2: Hello zr10031 from # 1
Message at proc # 3: Hello zr10031 from # 2
Message at proc # 0: Hello zr10031 from # 3
Time elapsed is 0.000142 seconds.

-------------------------
MPI run with 8 processes:
-------------------------
Message at proc # 1: Hello zr10031 from # 0
Message at proc # 2: Hello zr10031 from # 1
Message at proc # 3: Hello zr10031 from # 2
Message at proc # 4: Hello zr10031 from # 3
Message at proc # 5: Hello zr10031 from # 4
Message at proc # 6: Hello zr10031 from # 5
Message at proc # 7: Hello zr10031 from # 6
Message at proc # 0: Hello zr10031 from # 7
Time elapsed is 0.000224 seconds.
------------------------------------------------------
Running PBS epilogue script    - 08-Oct-2019 16:36:42
------------------------------------------------------
Checking node qb030 (MS)
Checking node qb030 ok
------------------------------------------------------
Concluding PBS epilogue script - 08-Oct-2019 16:36:44
------------------------------------------------------
Exit Status:     0
Job ID:          704307.qb3
Username:        zr10031
Group:           latechusers
Job Name:        myjob0
Session Id:      91711
Resource Limits: ncpus=1,neednodes=1:ppn=20,nodes=1:ppn=20,walltime=00:10:00
Resources Used:  cput=00:00:03,mem=0kb,vmem=0kb,walltime=00:00:03
Queue Used:      workq
Account String:  loni_cyen405
Node:            qb030
Process id:      92346
------------------------------------------------------
