--------------------------------------
Running PBS prologue script
--------------------------------------
User and Job Data:
--------------------------------------
Job ID:    704279.qb3
Username:  zr10031
Group:     latechusers
Date:      08-Oct-2019 15:49
Node:      qb139 (51940)
--------------------------------------
PBS has allocated the following nodes:

qb139

A total of 20 processors on 1 nodes allocated
---------------------------------------------
Check nodes and clean them of stray processes
---------------------------------------------
Checking node qb139 15:49:44 
Done clearing all the allocated nodes
------------------------------------------------------
Concluding PBS prologue script - 08-Oct-2019 15:49:44
------------------------------------------------------

-------------------------
MPI run with 4 processes:
-------------------------

Hello zr10031!
Rank: 0
Size:4
Time elapsed is 0.000015 secs.

Hello zr10031!
Rank: 1
Size:4
Time elapsed is 0.000014 secs.

Hello zr10031!
Rank: 2
Size:4
Time elapsed is 0.000011 secs.

Hello zr10031!
Rank: 3
Size:4
Time elapsed is 0.000013 secs.

-------------------------
MPI run with 8 processes:
-------------------------

Hello zr10031!
Rank: 0
Size:8
Time elapsed is 0.000017 secs.

Hello zr10031!
Rank: 1
Size:8
Time elapsed is 0.000021 secs.

Hello zr10031!
Rank: 4
Size:8
Time elapsed is 0.000018 secs.

Hello zr10031!
Rank: 5
Size:8
Time elapsed is 0.000018 secs.

Hello zr10031!
Rank: 6
Size:8
Time elapsed is 0.000017 secs.

Hello zr10031!
Rank: 7
Size:8
Time elapsed is 0.000018 secs.

Hello zr10031!
Rank: 2
Size:8
Time elapsed is 0.000075 secs.

Hello zr10031!
Rank: 3
Size:8
Time elapsed is 0.000075 secs.
------------------------------------------------------
Running PBS epilogue script    - 08-Oct-2019 15:49:46
------------------------------------------------------
Checking node qb139 (MS)
Checking node qb139 ok
------------------------------------------------------
Concluding PBS epilogue script - 08-Oct-2019 15:49:48
------------------------------------------------------
Exit Status:     0
Job ID:          704279.qb3
Username:        zr10031
Group:           latechusers
Job Name:        myjob0
Session Id:      51939
Resource Limits: ncpus=1,neednodes=1:ppn=20,nodes=1:ppn=20,walltime=00:30:00
Resources Used:  cput=00:00:03,mem=0kb,vmem=0kb,walltime=00:00:04
Queue Used:      workq
Account String:  loni_cyen405
Node:            qb139
Process id:      52575
------------------------------------------------------
